Command: lua ./Prometheus/cli.lua --preset Strong temp.lua
Output: [0m[35mSYNTHIA OBFUSCATOR: [0mApplying Obfuscation Pipeline to temp.lua ...
[0m[35mSYNTHIA OBFUSCATOR: [0mParsing ...
[0m[35mSYNTHIA OBFUSCATOR: [0mParsing Done in 0.00 seconds
[0m[35mSYNTHIA OBFUSCATOR: [0mApplying Step "Vmify" ...
[0m[35mSYNTHIA OBFUSCATOR: [0mStep "Vmify" Done in 0.00 seconds
[0m[35mSYNTHIA OBFUSCATOR: [0mApplying Step "Encrypt Strings" ...
[0m[35mSYNTHIA OBFUSCATOR: [0mStep "Encrypt Strings" Done in 0.00 seconds
[0m[35mSYNTHIA OBFUSCATOR: [0mApplying Step "Anti Tamper" ...
[0m[35mSYNTHIA OBFUSCATOR: [0mStep "Anti Tamper" Done in 0.00 seconds
[0m[35mSYNTHIA OBFUSCATOR: [0mApplying Step "Vmify" ...
[0m[35mSYNTHIA OBFUSCATOR: [0mStep "Vmify" Done in 0.00 seconds
[0m[35mSYNTHIA OBFUSCATOR: [0mApplying Step "Constant Array" ...
[0m[35mSYNTHIA OBFUSCATOR: [0mStep "Constant Array" Done in 0.00 seconds
[0m[35mSYNTHIA OBFUSCATOR: [0mApplying Step "Numbers To Expressions" ...
[0m[35mSYNTHIA OBFUSCATOR: [0mStep "Numbers To Expressions" Done in 0.00 seconds
[0m[35mSYNTHIA OBFUSCATOR: [0mApplying Step "Wrap in Function" ...
[0m[35mSYNTHIA OBFUSCATOR: [0mStep "Wrap in Function" Done in 0.00 seconds
[0m[35mSYNTHIA OBFUSCATOR: [0mRenaming Variables ...
[0m[35mSYNTHIA OBFUSCATOR: [0mRenaming Done in 0.00 seconds
[0m[35mSYNTHIA OBFUSCATOR: [0mGenerating Code ...
[0m[35mSYNTHIA OBFUSCATOR: [0mCode Generation Done in 0.00 seconds
[0m[35mSYNTHIA OBFUSCATOR: [0mObfuscation Done in 0.00 seconds
[0m[35mSYNTHIA OBFUSCATOR: [0mGenerated Code size is 198447.37% of the Source Code size

Error: 
